#
# There is insufficient memory for the Java Runtime Environment to continue.
# Native memory allocation (mmap) failed to map 67108864 bytes for Failed to commit area from 0x00000000c1e00000 to 0x00000000c5e00000 of length 67108864.
# Possible reasons:
#   The system is out of physical RAM or swap space
#   The process is running with CompressedOops enabled, and the Java Heap may be blocking the growth of the native heap
# Possible solutions:
#   Reduce memory load on the system
#   Increase physical memory or swap space
#   Check if swap backing store is full
#   Decrease Java heap size (-Xmx/-Xms)
#   Decrease number of Java threads
#   Decrease Java thread stack sizes (-Xss)
#   Set larger code cache with -XX:ReservedCodeCacheSize=
# This output file may be truncated or incomplete.
#
#  Out of Memory Error (t:/workspace/open/src/hotspot/os/windows/os_windows.cpp:3269), pid=8944, tid=10224
#
# JRE version:  (11.0.2+9) (build )
# Java VM: OpenJDK 64-Bit Server VM (11.0.2+9, mixed mode, aot, sharing, tiered, compressed oops, g1 gc, windows-amd64)
# No core dump will be written. Minidumps are not enabled by default on client versions of Windows
#

---------------  S U M M A R Y ------------

Command Line: --module-path=C:\Users\caby5\Documents\openjdk\javafx-sdk-17.0.1\bin --add-modules=javafx.controls,javafx.fxml -Dfile.encoding=Cp1252 --module-path=C:\Users\caby5\Documents\openjdk\javafx-sdk-17.0.1\lib\javafx-swt.jar;C:\Users\caby5\Documents\openjdk\javafx-sdk-17.0.1\lib\javafx.base.jar;C:\Users\caby5\Documents\openjdk\javafx-sdk-17.0.1\lib\javafx.controls.jar;C:\Users\caby5\Documents\openjdk\javafx-sdk-17.0.1\lib\javafx.fxml.jar;C:\Users\caby5\Documents\openjdk\javafx-sdk-17.0.1\lib\javafx.graphics.jar;C:\Users\caby5\Documents\openjdk\javafx-sdk-17.0.1\lib\javafx.media.jar;C:\Users\caby5\Documents\openjdk\javafx-sdk-17.0.1\lib\javafx.swing.jar;C:\Users\caby5\Documents\openjdk\javafx-sdk-17.0.1\lib\javafx.web.jar;C:\Users\caby5\.p2\pool\plugins\org.eclipse.fx.ide.css.jfx8_3.7.0.202010120832.jar fes.aragon.inicio.Main

Host: AMD A6-9225 RADEON R4, 5 COMPUTE CORES 2C+3G   , 2 cores, 3G,  Windows 10 , 64 bit Build 18362 (10.0.18362.1500)
Time: Tue Dec 14 17:08:05 2021 Hora estándar central (México) elapsed time: 0 seconds (0d 0h 0m 0s)

---------------  T H R E A D  ---------------

Current thread (0x000001982eedf000):  JavaThread "Unknown thread" [_thread_in_vm, id=10224, stack(0x0000006206300000,0x0000006206400000)]

Stack: [0x0000006206300000,0x0000006206400000]
Native frames: (J=compiled Java code, j=interpreted, Vv=VM code, C=native code)
V  [jvm.dll+0x63489a]
V  [jvm.dll+0x771f9f]
V  [jvm.dll+0x773648]
V  [jvm.dll+0x773d03]
V  [jvm.dll+0x25eba8]
V  [jvm.dll+0x631d3a]
V  [jvm.dll+0x626775]
V  [jvm.dll+0x313ffc]
V  [jvm.dll+0x313e82]
V  [jvm.dll+0x3196e6]
V  [jvm.dll+0x36579f]
V  [jvm.dll+0x3651c0]
V  [jvm.dll+0x2f0ff8]
V  [jvm.dll+0x2f2156]
V  [jvm.dll+0x74b4f7]
V  [jvm.dll+0x74cc3f]
V  [jvm.dll+0x372609]
V  [jvm.dll+0x731b69]
V  [jvm.dll+0x3e1bad]
V  [jvm.dll+0x3e3e81]
C  [javaw.exe+0x3617]
C  [javaw.exe+0x17a6c]
C  [KERNEL32.DLL+0x17c24]
C  [ntdll.dll+0x6d721]


---------------  P R O C E S S  ---------------

Threads class SMR info:
_java_thread_list=0x000001982ce31010, length=0, elements={
}

Java Threads: ( => current thread )

Other Threads:
  0x000001982eef6000 GCTaskThread "GC Thread#0" [stack: 0x0000006206400000,0x0000006206500000] [id=9340]
  0x000001982ef10000 ConcurrentGCThread "G1 Main Marker" [stack: 0x0000006206500000,0x0000006206600000] [id=2812]
  0x000001982ef12000 ConcurrentGCThread "G1 Conc#0" [stack: 0x0000006206600000,0x0000006206700000] [id=3900]

[error occurred during error reporting (printing all threads), id 0xc0000005, EXCEPTION_ACCESS_VIOLATION (0xc0000005) at pc=0x00007ffece8ef5b7]

VM state:not at safepoint (not fully initialized)

VM Mutex/Monitor currently owned by a thread:  ([mutex/lock_event])
[0x000001982eedae00] Heap_lock - owner thread: 0x000001982eedf000

Heap address: 0x00000000c1e00000, size: 994 MB, Compressed Oops mode: Non-zero based: 0x00000000c1e00000
Narrow klass base: 0x0000000000000000, Narrow klass shift: 0

GC Heap History (0 events):
No events

Deoptimization events (0 events):
No events

Classes redefined (0 events):
No events

Internal exceptions (0 events):
No events

Events (0 events):
No events


Dynamic libraries:
0x00007ff6ac940000 - 0x00007ff6ac985000 	C:\Users\caby5\Documents\openjdk\jdk-11.0.2\bin\javaw.exe
0x00007fff2be60000 - 0x00007fff2c050000 	C:\windows\SYSTEM32\ntdll.dll
0x00007ffefe4a0000 - 0x00007ffefe4b6000 	C:\Program Files\Avast Software\Avast\aswhook.dll
0x00007fff2a190000 - 0x00007fff2a242000 	C:\windows\System32\KERNEL32.DLL
0x00007fff28ee0000 - 0x00007fff29185000 	C:\windows\System32\KERNELBASE.dll
0x00007fff2b010000 - 0x00007fff2b1a4000 	C:\windows\System32\USER32.dll
0x00007fff291c0000 - 0x00007fff291e1000 	C:\windows\System32\win32u.dll
0x00007fff2b720000 - 0x00007fff2b746000 	C:\windows\System32\GDI32.dll
0x00007fff29450000 - 0x00007fff295e8000 	C:\windows\System32\gdi32full.dll
0x00007fff295f0000 - 0x00007fff2968e000 	C:\windows\System32\msvcp_win.dll
0x00007fff29e10000 - 0x00007fff29f0a000 	C:\windows\System32\ucrtbase.dll
0x00007fff16980000 - 0x00007fff16c04000 	C:\windows\WinSxS\amd64_microsoft.windows.common-controls_6595b64144ccf1df_6.0.18362.1556_none_9e7e372fe45e41d5\COMCTL32.dll
0x00007fff2b7d0000 - 0x00007fff2b86e000 	C:\windows\System32\msvcrt.dll
0x00007fff2acd0000 - 0x00007fff2b006000 	C:\windows\System32\combase.dll
0x00007fff2b1b0000 - 0x00007fff2b2cf000 	C:\windows\System32\RPCRT4.dll
0x00007fff28dd0000 - 0x00007fff28e51000 	C:\windows\System32\bcryptPrimitives.dll
0x00007fff2b360000 - 0x00007fff2b38e000 	C:\windows\System32\IMM32.DLL
0x00007fff1cfc0000 - 0x00007fff1cfd6000 	C:\Users\caby5\Documents\openjdk\jdk-11.0.2\bin\vcruntime140.dll
0x00007ffeee790000 - 0x00007ffeee83a000 	C:\Users\caby5\Documents\openjdk\jdk-11.0.2\bin\msvcp140.dll
0x00007ffece5f0000 - 0x00007ffecf113000 	C:\Users\caby5\Documents\openjdk\jdk-11.0.2\bin\server\jvm.dll
0x00007fff2a4c0000 - 0x00007fff2a563000 	C:\windows\System32\ADVAPI32.dll
0x00007fff2b450000 - 0x00007fff2b4e7000 	C:\windows\System32\sechost.dll
0x00007fff2b440000 - 0x00007fff2b448000 	C:\windows\System32\PSAPI.DLL
0x00007fff173b0000 - 0x00007fff173d4000 	C:\windows\SYSTEM32\WINMM.dll
0x00007fff200e0000 - 0x00007fff200e9000 	C:\windows\SYSTEM32\WSOCK32.dll
0x00007fff176c0000 - 0x00007fff176ed000 	C:\windows\SYSTEM32\WINMMBASE.dll
0x00007fff2b2d0000 - 0x00007fff2b33f000 	C:\windows\System32\WS2_32.dll
0x00007fff292a0000 - 0x00007fff292ea000 	C:\windows\System32\cfgmgr32.dll
0x00007fff22750000 - 0x00007fff2275a000 	C:\windows\SYSTEM32\VERSION.dll
0x00007fff28d20000 - 0x00007fff28d31000 	C:\windows\System32\kernel.appcore.dll
0x00007fff25970000 - 0x00007fff25981000 	C:\Users\caby5\Documents\openjdk\jdk-11.0.2\bin\verify.dll
0x00007fff21f90000 - 0x00007fff22184000 	C:\windows\SYSTEM32\DBGHELP.DLL
0x00007fff21f60000 - 0x00007fff21f8a000 	C:\windows\SYSTEM32\dbgcore.DLL
0x00007fff1ad80000 - 0x00007fff1ada8000 	C:\Users\caby5\Documents\openjdk\jdk-11.0.2\bin\java.dll
0x00007fff23e30000 - 0x00007fff23e46000 	C:\Users\caby5\Documents\openjdk\jdk-11.0.2\bin\zip.dll
0x00007fff25a00000 - 0x00007fff25a0a000 	C:\Users\caby5\Documents\openjdk\jdk-11.0.2\bin\jimage.dll

dbghelp: loaded successfully - version: 4.0.5 - missing functions: none
symbol engine: initialized successfully - sym options: 0x614 - pdb path: .;C:\Users\caby5\Documents\openjdk\jdk-11.0.2\bin;C:\windows\SYSTEM32;C:\Program Files\Avast Software\Avast;C:\windows\WinSxS\amd64_microsoft.windows.common-controls_6595b64144ccf1df_6.0.18362.1556_none_9e7e372fe45e41d5;C:\Users\caby5\Documents\openjdk\jdk-11.0.2\bin\server

VM Arguments:
jvm_args: --module-path=C:\Users\caby5\Documents\openjdk\javafx-sdk-17.0.1\bin --add-modules=javafx.controls,javafx.fxml -Dfile.encoding=Cp1252 --module-path=C:\Users\caby5\Documents\openjdk\javafx-sdk-17.0.1\lib\javafx-swt.jar;C:\Users\caby5\Documents\openjdk\javafx-sdk-17.0.1\lib\javafx.base.jar;C:\Users\caby5\Documents\openjdk\javafx-sdk-17.0.1\lib\javafx.controls.jar;C:\Users\caby5\Documents\openjdk\javafx-sdk-17.0.1\lib\javafx.fxml.jar;C:\Users\caby5\Documents\openjdk\javafx-sdk-17.0.1\lib\javafx.graphics.jar;C:\Users\caby5\Documents\openjdk\javafx-sdk-17.0.1\lib\javafx.media.jar;C:\Users\caby5\Documents\openjdk\javafx-sdk-17.0.1\lib\javafx.swing.jar;C:\Users\caby5\Documents\openjdk\javafx-sdk-17.0.1\lib\javafx.web.jar;C:\Users\caby5\.p2\pool\plugins\org.eclipse.fx.ide.css.jfx8_3.7.0.202010120832.jar 
java_command: fes.aragon.inicio.Main
java_class_path (initial): C:\Users\caby5\Documents\Proyectos Eclipse\JavaFxVentas\bin;C:\Users\caby5\Documents\Proyectos Eclipse\JavaFxVentas\jar\fontawesomefx-commons-9.1.2.jar;C:\Users\caby5\Documents\Proyectos Eclipse\JavaFxVentas\jar\fontawesomefx-fontawesome-4.7.0-9.1.2.jar;C:\Users\caby5\Documents\Proyectos Eclipse\JavaFxVentas\jar\mysql-connector-java-8.0.26.jar
Launcher Type: SUN_STANDARD

[Global flags]
     intx CICompilerCount                          = 2                                         {product} {ergonomic}
     uint ConcGCThreads                            = 1                                         {product} {ergonomic}
     uint G1ConcRefinementThreads                  = 2                                         {product} {ergonomic}
   size_t G1HeapRegionSize                         = 1048576                                   {product} {ergonomic}
    uintx GCDrainStackTargetSize                   = 64                                        {product} {ergonomic}
   size_t InitialHeapSize                          = 67108864                                  {product} {ergonomic}
   size_t MarkStackSize                            = 4194304                                   {product} {ergonomic}
   size_t MaxHeapSize                              = 1042284544                                {product} {ergonomic}
   size_t MinHeapDeltaBytes                        = 1048576                                   {product} {ergonomic}
    uintx NonNMethodCodeHeapSize                   = 5824844                                {pd product} {ergonomic}
    uintx NonProfiledCodeHeapSize                  = 122916698                              {pd product} {ergonomic}
    uintx ProfiledCodeHeapSize                     = 122916698                              {pd product} {ergonomic}
    uintx ReservedCodeCacheSize                    = 251658240                              {pd product} {ergonomic}
     bool SegmentedCodeCache                       = true                                      {product} {ergonomic}
     bool UseCompressedClassPointers               = true                                 {lp64_product} {ergonomic}
     bool UseCompressedOops                        = true                                 {lp64_product} {ergonomic}
     bool UseG1GC                                  = true                                      {product} {ergonomic}
     bool UseLargePagesIndividualAllocation        = false                                  {pd product} {ergonomic}

Logging:
Log output configuration:
 #0: stdout all=warning uptime,level,tags
 #1: stderr all=off uptime,level,tags

Environment Variables:
JAVA_HOME=C:\Users\caby5\Documents\openjdk\jdk-11.0.2
PATH=C:/Users/caby5/Documents/openjdk/jdk-11.0.2/bin/server;C:/Users/caby5/Documents/openjdk/jdk-11.0.2/bin;C:\Program Files\MySQL\MySQL Server 8.0\bin;C:\windows\system32;C:\windows;C:\windows\System32\Wbem;C:\Windows\System32\OpenSSH\ssh;C:\Program Files\PuTTY\;C:\Users\caby5\Documents\openjdk\jdk-11.0.2\bin;C:\Users\caby5\AppData\Local\Microsoft\WindowsApps;C:\altera\13.0sp1\modelsim_ase\win32aloem;C:\Users\caby5\Documents\openjdk\jdk-11.0.2\bin;;C:\Users\caby5\Desktop;
USERNAME=caby5
OS=Windows_NT
PROCESSOR_IDENTIFIER=AMD64 Family 21 Model 112 Stepping 0, AuthenticAMD



---------------  S Y S T E M  ---------------

OS: Windows 10 , 64 bit Build 18362 (10.0.18362.1500)

CPU:total 2 (initial active 2) (2 cores per cpu, 1 threads per core) family 21 model 112 stepping 0, cmov, cx8, fxsr, mmx, sse, sse2, sse3, ssse3, sse4.1, sse4.2, popcnt, avx, avx2, aes, clmul, mmxext, 3dnowpref, lzcnt, sse4a, tsc, tscinvbit, tscinv, bmi1, bmi2, fma

Memory: 4k page, system-wide physical 3974M (643M free)
TotalPageFile size 6758M (AvailPageFile size 43M)
current process WorkingSet (physical memory assigned to process): 10M, peak: 10M
current process commit charge ("private bytes"): 47M, peak: 111M

vm_info: OpenJDK 64-Bit Server VM (11.0.2+9) for windows-amd64 JRE (11.0.2+9), built on Jan 18 2019 05:23:22 by "mach5one" with MS VC++ 15.5 (VS2017)

END.
